<?xml version="1.0" encoding="UTF-8"?>
<!-- Generated by org.testng.reporters.JUnitReportReporter -->
<testsuite skipped="0" hostname="RITESH-PC" name="Java_Practice.getCurrentDateTime" tests="1" failures="0" timestamp="26 May 2021 06:46:27 GMT" time="0.032" errors="0">
  <testcase name="getCustomeDate" time="0.032" classname="Java_Practice.getCurrentDateTime"/>
</testsuite> <!-- Java_Practice.getCurrentDateTime -->
