<?xml version="1.0" encoding="UTF-8"?>
<!-- Generated by org.testng.reporters.JUnitReportReporter -->
<testsuite skipped="1" hostname="RITESH-PC" name="com.VisionIT_OrangeHRM_TestCases.TC_002_AddUser" tests="1" failures="0" timestamp="3 May 2021 17:55:34 GMT" time="0.000" errors="0">
  <testcase name="addNewUserTest" time="0.000" classname="com.VisionIT_OrangeHRM_TestCases.TC_002_AddUser">
    <skipped/>
  </testcase> <!-- addNewUserTest -->
</testsuite> <!-- com.VisionIT_OrangeHRM_TestCases.TC_002_AddUser -->
