<?xml version="1.0" encoding="UTF-8"?>
<!-- Generated by org.testng.reporters.JUnitReportReporter -->
<testsuite skipped="0" hostname="RITESH-PC" name="com.VisionIT_OrangeHRM_TestCases.LaunchApp" tests="1" failures="0" timestamp="1 May 2021 12:26:22 GMT" time="0.227" errors="0">
  <testcase name="init" time="0.227" classname="com.VisionIT_OrangeHRM_TestCases.LaunchApp"/>
</testsuite> <!-- com.VisionIT_OrangeHRM_TestCases.LaunchApp -->
