<?xml version="1.0" encoding="UTF-8"?>
<!-- Generated by org.testng.reporters.JUnitReportReporter -->
<testsuite skipped="0" hostname="RITESH-PC" name="Selenium_Practice.StringPrograms" tests="1" failures="0" timestamp="4 May 2021 14:18:52 GMT" time="0.020" errors="0">
  <testcase name="subStringMeth" time="0.020" classname="Selenium_Practice.StringPrograms"/>
</testsuite> <!-- Selenium_Practice.StringPrograms -->
