<?xml version="1.0" encoding="UTF-8"?>
<!-- Generated by org.testng.reporters.JUnitReportReporter -->
<testsuite skipped="0" hostname="RITESH-PC" name="Selenium_Practice.DataDrivenTest" tests="1" failures="0" timestamp="2021-05-18T13:04:38 IST" time="14.540" errors="0">
  <testcase name="loginTest" time="14.540" classname="Selenium_Practice.DataDrivenTest"/>
  <system-out/>
</testsuite> <!-- Selenium_Practice.DataDrivenTest -->
