<?xml version="1.0" encoding="UTF-8"?>
<!-- Generated by org.testng.reporters.JUnitReportReporter -->
<testsuite skipped="0" hostname="RITESH-PC" name="com.VisionIT_OrangeHRM_TestCases.TestCheck" tests="1" failures="0" timestamp="2021-05-18T13:04:38 IST" time="0.007" errors="0">
  <testcase name="login" time="0.007" classname="com.VisionIT_OrangeHRM_TestCases.TestCheck"/>
  <system-out>
login  </system-out>
</testsuite> <!-- com.VisionIT_OrangeHRM_TestCases.TestCheck -->
